
WINDEV2002EVAL	Sun May 10 11:54:51 2020
	Shutting down the server with 1 active connection(s) to 1 database(s), 0 active service(s)


WINDEV2002EVAL	Sun May 10 18:15:13 2020
	Shutting down the server with 1 active connection(s) to 1 database(s), 0 active service(s)


WINDEV2002EVAL	Sun May 10 18:19:10 2020
	Shutting down the server with 1 active connection(s) to 1 database(s), 0 active service(s)


WINDEV2002EVAL	Sun May 10 18:36:32 2020
	Shutting down the server with 1 active connection(s) to 1 database(s), 0 active service(s)


WINDEV2002EVAL	Sun May 10 18:43:29 2020
	Shutting down the server with 1 active connection(s) to 1 database(s), 0 active service(s)


WINDEV2002EVAL	Sun May 10 18:45:13 2020
	Shutting down the server with 1 active connection(s) to 1 database(s), 0 active service(s)


WINDEV2002EVAL	Sun May 10 19:58:09 2020
	Shutting down the server with 1 active connection(s) to 1 database(s), 0 active service(s)


WINDEV2002EVAL	Sun May 10 19:59:22 2020
	Shutting down the server with 1 active connection(s) to 1 database(s), 0 active service(s)


WINDEV2002EVAL	Sun May 10 20:06:27 2020
	Shutting down the server with 1 active connection(s) to 1 database(s), 0 active service(s)


WINDEV2002EVAL	Mon May 11 13:19:28 2020
	Shutting down the server with 1 active connection(s) to 1 database(s), 0 active service(s)


WINDEV2002EVAL	Mon May 11 13:21:08 2020
	Shutting down the server with 1 active connection(s) to 1 database(s), 0 active service(s)


WINDEV2002EVAL	Mon May 11 13:21:32 2020
	Shutting down the server with 1 active connection(s) to 1 database(s), 0 active service(s)


WINDEV2002EVAL	Mon May 11 13:24:05 2020
	Shutting down the server with 1 active connection(s) to 1 database(s), 0 active service(s)


WINDEV2002EVAL	Mon May 11 13:32:11 2020
	Shutting down the server with 1 active connection(s) to 1 database(s), 0 active service(s)


WINDEV2002EVAL	Mon May 11 13:32:46 2020
	Shutting down the server with 1 active connection(s) to 1 database(s), 0 active service(s)


PC	Tue May 12 18:34:23 2020
	Shutting down the server with 1 active connection(s) to 1 database(s), 0 active service(s)


PC	Sat May 16 12:20:33 2020
	Shutting down the server with 1 active connection(s) to 1 database(s), 0 active service(s)


PC	Sat May 16 12:23:10 2020
	Shutting down the server with 1 active connection(s) to 1 database(s), 0 active service(s)


PC	Sat May 16 12:24:27 2020
	Shutting down the server with 1 active connection(s) to 1 database(s), 0 active service(s)


PC	Sat May 16 12:44:25 2020
	Shutting down the server with 1 active connection(s) to 1 database(s), 0 active service(s)


PC	Sat May 16 12:49:25 2020
	Shutting down the server with 1 active connection(s) to 1 database(s), 0 active service(s)


PC	Sat May 16 16:05:16 2020
	Shutting down the server with 1 active connection(s) to 1 database(s), 0 active service(s)


PC	Sat May 16 16:28:34 2020
	Shutting down the server with 1 active connection(s) to 1 database(s), 0 active service(s)


PC	Sat May 16 16:35:17 2020
	Shutting down the server with 1 active connection(s) to 1 database(s), 0 active service(s)


PC	Sat May 16 16:51:00 2020
	Shutting down the server with 1 active connection(s) to 1 database(s), 0 active service(s)


PC	Sun May 17 19:33:58 2020
	Shutting down the server with 1 active connection(s) to 1 database(s), 0 active service(s)


PC	Sun May 17 19:36:03 2020
	Shutting down the server with 1 active connection(s) to 1 database(s), 0 active service(s)


PC	Sun May 17 19:38:12 2020
	Shutting down the server with 1 active connection(s) to 1 database(s), 0 active service(s)


PC	Sun May 17 19:41:52 2020
	Shutting down the server with 1 active connection(s) to 1 database(s), 0 active service(s)


PC	Sun May 17 19:43:46 2020
	Shutting down the server with 1 active connection(s) to 1 database(s), 0 active service(s)


PC	Sun May 17 19:45:37 2020
	Shutting down the server with 1 active connection(s) to 1 database(s), 0 active service(s)


PC	Sun May 17 19:51:48 2020
	Shutting down the server with 1 active connection(s) to 1 database(s), 0 active service(s)


PC	Sun May 17 19:55:22 2020
	Shutting down the server with 1 active connection(s) to 1 database(s), 0 active service(s)


PC	Sun May 17 20:05:24 2020
	Shutting down the server with 1 active connection(s) to 1 database(s), 0 active service(s)


PC	Sun May 17 20:23:04 2020
	Shutting down the server with 1 active connection(s) to 1 database(s), 0 active service(s)


PC	Sun May 17 20:38:13 2020
	Shutting down the server with 1 active connection(s) to 1 database(s), 0 active service(s)


PC	Mon May 18 12:49:44 2020
	Shutting down the server with 1 active connection(s) to 1 database(s), 0 active service(s)


PC	Mon May 18 13:01:39 2020
	Shutting down the server with 1 active connection(s) to 1 database(s), 0 active service(s)


PC	Mon May 18 13:04:33 2020
	Shutting down the server with 1 active connection(s) to 1 database(s), 0 active service(s)


PC	Mon May 18 13:06:49 2020
	Shutting down the server with 1 active connection(s) to 1 database(s), 0 active service(s)


PC	Mon May 18 13:07:41 2020
	Shutting down the server with 1 active connection(s) to 1 database(s), 0 active service(s)


PC	Mon May 18 13:13:37 2020
	Shutting down the server with 1 active connection(s) to 1 database(s), 0 active service(s)


PC	Mon May 18 13:15:35 2020
	Shutting down the server with 1 active connection(s) to 1 database(s), 0 active service(s)


PC	Mon May 18 13:18:35 2020
	Shutting down the server with 1 active connection(s) to 1 database(s), 0 active service(s)


PC	Mon May 18 13:24:49 2020
	Shutting down the server with 1 active connection(s) to 1 database(s), 0 active service(s)


PC	Mon May 18 13:26:57 2020
	Shutting down the server with 1 active connection(s) to 1 database(s), 0 active service(s)


PC	Mon May 18 13:28:12 2020
	Shutting down the server with 1 active connection(s) to 1 database(s), 0 active service(s)


PC	Mon May 18 13:32:13 2020
	Shutting down the server with 1 active connection(s) to 1 database(s), 0 active service(s)


PC	Mon May 18 13:39:05 2020
	Shutting down the server with 1 active connection(s) to 1 database(s), 0 active service(s)


PC	Mon May 18 13:44:44 2020
	Shutting down the server with 1 active connection(s) to 1 database(s), 0 active service(s)


PC	Mon May 18 13:45:32 2020
	Shutting down the server with 1 active connection(s) to 1 database(s), 0 active service(s)


PC	Mon May 18 13:46:08 2020
	Shutting down the server with 1 active connection(s) to 1 database(s), 0 active service(s)


PC	Mon May 18 17:25:31 2020
	Shutting down the server with 1 active connection(s) to 1 database(s), 0 active service(s)


PC	Mon May 18 17:31:43 2020
	Shutting down the server with 1 active connection(s) to 1 database(s), 0 active service(s)


PC	Mon May 18 17:39:09 2020
	Shutting down the server with 1 active connection(s) to 1 database(s), 0 active service(s)


PC	Mon May 18 17:42:25 2020
	Shutting down the server with 1 active connection(s) to 1 database(s), 0 active service(s)


PC	Mon May 18 17:43:09 2020
	Shutting down the server with 1 active connection(s) to 1 database(s), 0 active service(s)


PC	Mon May 18 18:37:47 2020
	Shutting down the server with 1 active connection(s) to 1 database(s), 0 active service(s)


PC	Mon May 18 18:54:50 2020
	Shutting down the server with 1 active connection(s) to 1 database(s), 0 active service(s)


PC	Mon May 18 19:50:54 2020
	Shutting down the server with 1 active connection(s) to 1 database(s), 0 active service(s)


PC	Tue May 19 16:39:33 2020
	Shutting down the server with 1 active connection(s) to 1 database(s), 0 active service(s)


PC	Tue May 19 20:17:02 2020
	Shutting down the server with 1 active connection(s) to 1 database(s), 0 active service(s)


PC	Tue May 19 20:24:15 2020
	Shutting down the server with 1 active connection(s) to 1 database(s), 0 active service(s)


PC	Tue May 19 20:37:21 2020
	Shutting down the server with 1 active connection(s) to 1 database(s), 0 active service(s)


PC	Tue May 19 20:38:54 2020
	Shutting down the server with 1 active connection(s) to 1 database(s), 0 active service(s)


PC	Fri May 22 12:54:54 2020
	Shutting down the server with 1 active connection(s) to 1 database(s), 0 active service(s)


PC	Fri May 22 13:07:36 2020
	Shutting down the server with 1 active connection(s) to 1 database(s), 0 active service(s)


PC	Fri May 22 15:52:22 2020
	Shutting down the server with 1 active connection(s) to 1 database(s), 0 active service(s)


PC	Sat May 23 10:33:39 2020
	Shutting down the server with 1 active connection(s) to 1 database(s), 0 active service(s)


PC	Sat May 23 11:21:00 2020
	Shutting down the server with 1 active connection(s) to 1 database(s), 0 active service(s)


PC	Sat May 23 11:33:37 2020
	Shutting down the server with 1 active connection(s) to 1 database(s), 0 active service(s)


PC	Mon Jun 01 12:00:43 2020
	Shutting down the server with 1 active connection(s) to 1 database(s), 0 active service(s)


PC	Mon Jun 01 12:03:48 2020
	Shutting down the server with 1 active connection(s) to 1 database(s), 0 active service(s)


PC	Mon Jun 01 12:04:23 2020
	Shutting down the server with 1 active connection(s) to 1 database(s), 0 active service(s)


PC	Mon Jun 01 12:09:56 2020
	Shutting down the server with 1 active connection(s) to 1 database(s), 0 active service(s)


PC	Mon Jun 01 16:44:50 2020
	Shutting down the server with 1 active connection(s) to 1 database(s), 0 active service(s)


PC	Fri Jul 24 18:07:23 2020
	Shutting down the server with 1 active connection(s) to 1 database(s), 0 active service(s)


PC	Thu Sep 03 12:26:39 2020
	Shutting down the server with 1 active connection(s) to 1 database(s), 0 active service(s)


PC	Thu Sep 03 12:29:38 2020
	Shutting down the server with 1 active connection(s) to 1 database(s), 0 active service(s)


PC	Thu Sep 03 12:40:07 2020
	Shutting down the server with 1 active connection(s) to 1 database(s), 0 active service(s)


PC	Thu Sep 03 13:03:37 2020
	Shutting down the server with 1 active connection(s) to 1 database(s), 0 active service(s)


PC	Thu Sep 03 13:36:02 2020
	Shutting down the server with 1 active connection(s) to 1 database(s), 0 active service(s)

