
WINDEV2002EVAL	Sun May 10 11:54:51 2020
	Shutting down the server with 1 active connection(s) to 1 database(s), 0 active service(s)


WINDEV2002EVAL	Sun May 10 18:15:13 2020
	Shutting down the server with 1 active connection(s) to 1 database(s), 0 active service(s)


WINDEV2002EVAL	Sun May 10 18:19:10 2020
	Shutting down the server with 1 active connection(s) to 1 database(s), 0 active service(s)


WINDEV2002EVAL	Sun May 10 18:36:32 2020
	Shutting down the server with 1 active connection(s) to 1 database(s), 0 active service(s)


WINDEV2002EVAL	Sun May 10 18:43:29 2020
	Shutting down the server with 1 active connection(s) to 1 database(s), 0 active service(s)


WINDEV2002EVAL	Sun May 10 18:45:13 2020
	Shutting down the server with 1 active connection(s) to 1 database(s), 0 active service(s)


WINDEV2002EVAL	Sun May 10 19:58:09 2020
	Shutting down the server with 1 active connection(s) to 1 database(s), 0 active service(s)


WINDEV2002EVAL	Sun May 10 19:59:22 2020
	Shutting down the server with 1 active connection(s) to 1 database(s), 0 active service(s)


WINDEV2002EVAL	Sun May 10 20:06:27 2020
	Shutting down the server with 1 active connection(s) to 1 database(s), 0 active service(s)


WINDEV2002EVAL	Mon May 11 13:19:28 2020
	Shutting down the server with 1 active connection(s) to 1 database(s), 0 active service(s)


WINDEV2002EVAL	Mon May 11 13:21:08 2020
	Shutting down the server with 1 active connection(s) to 1 database(s), 0 active service(s)


WINDEV2002EVAL	Mon May 11 13:21:32 2020
	Shutting down the server with 1 active connection(s) to 1 database(s), 0 active service(s)


WINDEV2002EVAL	Mon May 11 13:24:05 2020
	Shutting down the server with 1 active connection(s) to 1 database(s), 0 active service(s)


WINDEV2002EVAL	Mon May 11 13:28:20 2020
	Shutting down the server with 1 active connection(s) to 1 database(s), 0 active service(s)


WINDEV2002EVAL	Mon May 11 13:29:18 2020
	Shutting down the server with 1 active connection(s) to 1 database(s), 0 active service(s)


WINDEV2002EVAL	Mon May 11 13:31:49 2020
	Shutting down the server with 1 active connection(s) to 1 database(s), 0 active service(s)


PC	Tue May 12 19:41:43 2020
	Shutting down the server with 1 active connection(s) to 1 database(s), 0 active service(s)


PC	Tue May 12 19:43:24 2020
	Shutting down the server with 1 active connection(s) to 1 database(s), 0 active service(s)


PC	Tue May 12 19:45:37 2020
	Shutting down the server with 1 active connection(s) to 1 database(s), 0 active service(s)


PC	Tue May 12 19:50:35 2020
	Shutting down the server with 1 active connection(s) to 1 database(s), 0 active service(s)


PC	Tue May 12 20:18:58 2020
	Shutting down the server with 1 active connection(s) to 1 database(s), 0 active service(s)


PC	Wed May 13 11:51:35 2020
	Shutting down the server with 1 active connection(s) to 1 database(s), 0 active service(s)


PC	Wed May 13 17:04:17 2020
	Shutting down the server with 1 active connection(s) to 1 database(s), 0 active service(s)


PC	Wed May 13 17:16:36 2020
	Shutting down the server with 1 active connection(s) to 1 database(s), 0 active service(s)


PC	Wed May 13 17:20:59 2020
	Shutting down the server with 1 active connection(s) to 1 database(s), 0 active service(s)


PC	Tue May 19 19:14:01 2020
	Shutting down the server with 1 active connection(s) to 1 database(s), 0 active service(s)


PC	Fri May 22 15:53:00 2020
	Shutting down the server with 1 active connection(s) to 1 database(s), 0 active service(s)


PC	Fri May 22 15:55:03 2020
	Shutting down the server with 1 active connection(s) to 1 database(s), 0 active service(s)

